<?xml version="1.0" encoding="UTF-8" ?>
<testsuite tests="2" failures="2" name="service.TestCase" time="0.004" errors="0" skipped="0">
  <properties>
[...]
</properties>
  <testcase classname="service.TestCase" name="service.TestCase.testFindByDomain" time="0.004">
    <failure type="java.lang.NullPointerException">java.lang.NullPointerException
	at service.TestCase.testFindByDomain(TestCase.java:28)
</failure>
  </testcase>
  <testcase classname="service.TestCase" name="service.TestCase.testListAll" time="0">
    <failure type="java.lang.NullPointerException">java.lang.NullPointerException
	at service.TestCase.testListAll(TestCase.java:34)
</failure>
  </testcase>
</testsuite>